RUN	computerdatabase.ComputerDatabaseSimulation	computerdatabasesimulation	1706641704203	 	3.10.3
USER	Users	START	1706641705585
USER	Admins	START	1706641705585
USER	Users	START	1706641706554
REQUEST		Home	1706641705578	1706641706575	OK	 
REQUEST		Home	1706641705578	1706641706575	OK	 
REQUEST		Home Redirect 1	1706641706585	1706641706968	OK	 
REQUEST		Home Redirect 1	1706641706585	1706641707198	OK	 
REQUEST		Home	1706641706553	1706641707486	OK	 
USER	Users	START	1706641707555
REQUEST		Home Redirect 1	1706641707486	1706641707716	OK	 
REQUEST		Search	1706641707983	1706641708247	OK	 
REQUEST		Home	1706641707554	1706641708380	OK	 
REQUEST		Search	1706641708200	1706641708436	OK	 
USER	Users	START	1706641708551
REQUEST		Home Redirect 1	1706641708381	1706641708676	OK	 
REQUEST		Search	1706641708718	1706641708942	OK	 
REQUEST		Home	1706641708550	1706641709285	OK	 
REQUEST		Home Redirect 1	1706641709285	1706641709510	OK	 
REQUEST		Select	1706641709313	1706641709537	OK	 
USER	Users	START	1706641709549
REQUEST		Select	1706641709441	1706641709718	OK	 
REQUEST		Search	1706641709678	1706641709937	OK	 
REQUEST		Home	1706641709549	1706641710243	OK	 
REQUEST		Select	1706641709946	1706641710244	OK	 
REQUEST		Home Redirect 1	1706641710244	1706641710467	OK	 
USER	Users	START	1706641710550
USER	Admins	START	1706641710551
REQUEST		Search	1706641710511	1706641710768	OK	 
REQUEST		Page 0	1706641710544	1706641710775	OK	 
REQUEST		Page 0	1706641710720	1706641710985	OK	 
REQUEST		Select	1706641710940	1706641711167	OK	 
REQUEST		Home	1706641710549	1706641711290	OK	 
REQUEST		Home	1706641710549	1706641711290	OK	 
REQUEST		Page 0	1706641711247	1706641711516	OK	 
REQUEST		Home Redirect 1	1706641711290	1706641711524	OK	 
REQUEST		Home Redirect 1	1706641711290	1706641711525	OK	 
USER	Users	START	1706641711551
REQUEST		Search	1706641711470	1706641711701	OK	 
REQUEST		Page 1	1706641711777	1706641712044	OK	 
REQUEST		Select	1706641711772	1706641712045	OK	 
REQUEST		Page 1	1706641711987	1706641712211	OK	 
REQUEST		Home	1706641711550	1706641712338	OK	 
REQUEST		Page 0	1706641712168	1706641712432	OK	 
USER	Users	START	1706641712552
REQUEST		Home Redirect 1	1706641712339	1706641712565	OK	 
REQUEST		Page 1	1706641712518	1706641712746	OK	 
REQUEST		Search	1706641712527	1706641712751	OK	 
REQUEST		Search	1706641712527	1706641712755	OK	 
REQUEST		Select	1706641712703	1706641712927	OK	 
REQUEST		Page 0	1706641713047	1706641713277	OK	 
REQUEST		Page 2	1706641713047	1706641713277	OK	 
REQUEST		Home	1706641712551	1706641713389	OK	 
USER	Users	START	1706641713550
REQUEST		Search	1706641713566	1706641713794	OK	 
REQUEST		Page 2	1706641713747	1706641713978	OK	 
REQUEST		Select	1706641713752	1706641713978	OK	 
REQUEST		Select	1706641713756	1706641713981	OK	 
REQUEST		Page 0	1706641713929	1706641714157	OK	 
REQUEST		Home	1706641713549	1706641714306	OK	 
REQUEST		Page 2	1706641713213	1706641714435	OK	 
REQUEST		Page 1	1706641714279	1706641714534	OK	 
REQUEST		Page 3	1706641714279	1706641714537	OK	 
REQUEST		Home Redirect 1	1706641714307	1706641714543	OK	 
USER	Users	START	1706641714550
REQUEST		Home Redirect 1	1706641713390	1706641714597	OK	 
REQUEST		Page 1	1706641713434	1706641714660	OK	 
REQUEST		Select	1706641714798	1706641715029	OK	 
REQUEST		Page 0	1706641714980	1706641715212	OK	 
REQUEST		Page 3	1706641714980	1706641715217	OK	 
REQUEST		Home	1706641714549	1706641715259	OK	 
REQUEST		Page 1	1706641715159	1706641715391	OK	 
REQUEST		Home Redirect 1	1706641715259	1706641715501	OK	 
REQUEST		Page 0	1706641714982	1706641715504	OK	 
USER	Users	END	1706641715540
REQUEST		Page 3	1706641715437	1706641715705	OK	 
REQUEST		Page 2	1706641715536	1706641715759	OK	 
REQUEST		Search	1706641715545	1706641715771	OK	 
REQUEST		Search	1706641715599	1706641715821	OK	 
REQUEST		Page 2	1706641715662	1706641715882	OK	 
USER	Users	END	1706641716219
REQUEST		Page 0	1706641716031	1706641716252	OK	 
REQUEST		Page 1	1706641716214	1706641716435	OK	 
REQUEST		Page 2	1706641716394	1706641716625	OK	 
REQUEST		Page 1	1706641716506	1706641716759	OK	 
REQUEST		Search	1706641716503	1706641716763	OK	 
REQUEST		Form	1706641716708	1706641716939	OK	 
REQUEST		Select	1706641716774	1706641717059	OK	 
REQUEST		Select	1706641716824	1706641717059	OK	 
REQUEST		Page 3	1706641716761	1706641717059	OK	 
REQUEST		Page 3	1706641716884	1706641717115	OK	 
REQUEST		Page 1	1706641717255	1706641717485	OK	 
REQUEST		Page 2	1706641717437	1706641717672	OK	 
REQUEST		Page 3	1706641717628	1706641717845	OK	 
REQUEST		Page 2	1706641717761	1706641717981	OK	 
REQUEST		Select	1706641717766	1706641717988	OK	 
USER	Users	END	1706641718060
USER	Users	END	1706641718116
REQUEST		Post	1706641717945	1706641718167	OK	 
REQUEST		Page 0	1706641718061	1706641718326	OK	 
REQUEST		Page 0	1706641718060	1706641718328	OK	 
REQUEST		Post Redirect 1	1706641718172	1706641718392	OK	 
USER	Admins	END	1706641718395
REQUEST		Page 2	1706641718486	1706641718716	OK	 
USER	Users	END	1706641718848
REQUEST		Page 3	1706641718674	1706641718892	OK	 
REQUEST		Page 3	1706641718983	1706641719196	OK	 
REQUEST		Page 0	1706641718989	1706641719205	OK	 
REQUEST		Page 1	1706641719329	1706641719550	OK	 
REQUEST		Page 1	1706641719327	1706641719550	OK	 
USER	Users	END	1706641719895
REQUEST		Page 3	1706641719718	1706641719926	OK	 
REQUEST		Form	1706641720198	1706641720413	OK	 
REQUEST		Page 1	1706641720207	1706641720423	OK	 
REQUEST		Page 2	1706641720552	1706641720812	OK	 
REQUEST		Page 2	1706641720552	1706641720816	OK	 
USER	Users	END	1706641720928
REQUEST		Post	1706641721415	1706641721777	OK	 
REQUEST		Page 2	1706641721425	1706641721777	OK	 
REQUEST		Post Redirect 1	1706641721777	1706641722000	KO	status.find.is(201), but actually found 200
REQUEST		Page 3	1706641721814	1706641722038	OK	 
REQUEST		Page 3	1706641721817	1706641722043	OK	 
REQUEST		Form	1706641722004	1706641722303	OK	 
USER	Users	END	1706641723039
USER	Users	END	1706641723045
REQUEST		Page 3	1706641722779	1706641723048	OK	 
REQUEST		Post	1706641723304	1706641723576	OK	 
REQUEST		Post Redirect 1	1706641723576	1706641723876	KO	status.find.is(201), but actually found 200
USER	Admins	END	1706641723878
USER	Users	END	1706641724050
