RUN	computerdatabase.ComputerDatabaseSimulation	computerdatabasesimulation	1706700517306	 	3.10.3
USER	Users	START	1706700518829
USER	Admins	START	1706700518829
REQUEST		Home	1706700518821	1706700519313	OK	 
REQUEST		Home	1706700518821	1706700519318	OK	 
REQUEST		Home Redirect 1	1706700519322	1706700519466	OK	 
REQUEST		Home Redirect 1	1706700519322	1706700519461	OK	 
USER	Users	START	1706700519793
REQUEST		Home	1706700519793	1706700520228	OK	 
REQUEST		Home Redirect 1	1706700520228	1706700520368	OK	 
REQUEST		Search	1706700520476	1706700520614	OK	 
REQUEST		Search	1706700520476	1706700520617	OK	 
USER	Users	START	1706700520795
REQUEST		Home	1706700520794	1706700521281	OK	 
REQUEST		Home Redirect 1	1706700521282	1706700521424	OK	 
REQUEST		Search	1706700521370	1706700521508	OK	 
USER	Users	START	1706700521790
REQUEST		Select	1706700521690	1706700521830	OK	 
REQUEST		Select	1706700521690	1706700521830	OK	 
REQUEST		Home	1706700521789	1706700522193	OK	 
REQUEST		Home Redirect 1	1706700522193	1706700522333	OK	 
REQUEST		Search	1706700522426	1706700522566	OK	 
REQUEST		Select	1706700522512	1706700522709	OK	 
USER	Users	START	1706700522789
REQUEST		Page 0	1706700522836	1706700522970	OK	 
REQUEST		Page 0	1706700522836	1706700522976	OK	 
REQUEST		Home	1706700522788	1706700523242	OK	 
REQUEST		Home Redirect 1	1706700523242	1706700523380	OK	 
REQUEST		Search	1706700523334	1706700523472	OK	 
REQUEST		Select	1706700523569	1706700523757	OK	 
USER	Admins	START	1706700523789
USER	Users	START	1706700523789
REQUEST		Page 0	1706700523711	1706700523889	OK	 
REQUEST		Page 1	1706700523974	1706700524152	OK	 
REQUEST		Page 1	1706700523977	1706700524152	OK	 
REQUEST		Home	1706700523788	1706700524185	OK	 
REQUEST		Home	1706700523788	1706700524187	OK	 
REQUEST		Home Redirect 1	1706700524185	1706700524321	OK	 
REQUEST		Home Redirect 1	1706700524187	1706700524324	OK	 
REQUEST		Search	1706700524383	1706700524520	OK	 
REQUEST		Select	1706700524475	1706700524612	OK	 
USER	Users	START	1706700524789
REQUEST		Page 0	1706700524759	1706700524942	OK	 
REQUEST		Page 1	1706700524890	1706700525022	OK	 
REQUEST		Home	1706700524788	1706700525216	OK	 
REQUEST		Page 2	1706700525154	1706700525331	OK	 
REQUEST		Page 2	1706700525153	1706700525332	OK	 
REQUEST		Home Redirect 1	1706700525217	1706700525357	OK	 
REQUEST		Search	1706700525322	1706700525465	OK	 
REQUEST		Search	1706700525325	1706700525465	OK	 
REQUEST		Select	1706700525522	1706700525660	OK	 
REQUEST		Page 0	1706700525613	1706700525750	OK	 
USER	Users	START	1706700525789
REQUEST		Page 1	1706700525944	1706700526077	OK	 
REQUEST		Page 2	1706700526023	1706700526157	OK	 
REQUEST		Home	1706700525788	1706700526255	OK	 
REQUEST		Home Redirect 1	1706700526256	1706700526396	OK	 
REQUEST		Page 3	1706700526332	1706700526511	OK	 
REQUEST		Page 3	1706700526333	1706700526512	OK	 
REQUEST		Search	1706700526359	1706700526515	OK	 
REQUEST		Select	1706700526467	1706700526601	OK	 
REQUEST		Select	1706700526468	1706700526602	OK	 
USER	Users	START	1706700526789
REQUEST		Page 0	1706700526661	1706700526799	OK	 
REQUEST		Page 1	1706700526752	1706700526903	OK	 
REQUEST		Home	1706700526788	1706700527185	OK	 
REQUEST		Page 3	1706700527159	1706700527297	OK	 
REQUEST		Page 2	1706700527079	1706700527296	OK	 
REQUEST		Home Redirect 1	1706700527185	1706700527321	OK	 
USER	Users	END	1706700527514
REQUEST		Search	1706700527398	1706700527562	OK	 
REQUEST		Form	1706700527513	1706700527649	OK	 
REQUEST		Select	1706700527517	1706700527650	OK	 
REQUEST		Page 0	1706700527603	1706700527735	OK	 
REQUEST		Page 0	1706700527603	1706700527736	OK	 
USER	Users	START	1706700527789
REQUEST		Page 1	1706700527801	1706700527951	OK	 
REQUEST		Page 2	1706700527905	1706700528083	OK	 
REQUEST		Home	1706700527788	1706700528216	OK	 
USER	Users	END	1706700528299
REQUEST		Home Redirect 1	1706700528216	1706700528351	OK	 
REQUEST		Page 3	1706700528299	1706700528477	OK	 
REQUEST		Search	1706700528323	1706700528479	OK	 
REQUEST		Select	1706700528564	1706700528696	OK	 
REQUEST		Page 0	1706700528652	1706700528786	OK	 
REQUEST		Post	1706700528653	1706700528786	OK	 
REQUEST		Page 1	1706700528738	1706700528870	OK	 
REQUEST		Page 1	1706700528737	1706700528871	OK	 
REQUEST		Post Redirect 1	1706700528793	1706700529000	KO	status.find.is(201), but actually found 200
REQUEST		Page 2	1706700528953	1706700529136	OK	 
REQUEST		Form	1706700529004	1706700529137	OK	 
REQUEST		Page 3	1706700529085	1706700529218	OK	 
USER	Users	END	1706700529479
REQUEST		Search	1706700529352	1706700529528	OK	 
REQUEST		Select	1706700529481	1706700529658	OK	 
REQUEST		Page 0	1706700529697	1706700529831	OK	 
REQUEST		Page 1	1706700529787	1706700529920	OK	 
REQUEST		Page 2	1706700529873	1706700530049	OK	 
REQUEST		Page 2	1706700529871	1706700530049	OK	 
USER	Users	END	1706700530220
REQUEST		Post	1706700530138	1706700530275	OK	 
REQUEST		Page 3	1706700530138	1706700530276	OK	 
REQUEST		Post Redirect 1	1706700530275	1706700530442	OK	 
USER	Admins	END	1706700530443
REQUEST		Select	1706700530529	1706700530705	OK	 
REQUEST		Page 0	1706700530659	1706700530792	OK	 
REQUEST		Page 1	1706700530833	1706700530965	OK	 
REQUEST		Page 2	1706700530922	1706700531099	OK	 
REQUEST		Page 3	1706700531050	1706700531231	OK	 
REQUEST		Page 3	1706700531052	1706700531236	OK	 
USER	Users	END	1706700531278
REQUEST		Page 0	1706700531707	1706700531839	OK	 
REQUEST		Page 1	1706700531793	1706700531927	OK	 
REQUEST		Page 2	1706700531966	1706700532146	OK	 
USER	Users	END	1706700532238
REQUEST		Page 3	1706700532100	1706700532283	OK	 
REQUEST		Form	1706700532232	1706700532365	OK	 
REQUEST		Page 1	1706700532841	1706700532974	OK	 
REQUEST		Page 2	1706700532928	1706700533062	OK	 
USER	Users	END	1706700533285
REQUEST		Page 3	1706700533147	1706700533327	OK	 
REQUEST		Post	1706700533367	1706700533500	OK	 
REQUEST		Post Redirect 1	1706700533500	1706700533723	OK	 
USER	Admins	END	1706700533724
REQUEST		Page 2	1706700533976	1706700534109	OK	 
REQUEST		Page 3	1706700534063	1706700534244	OK	 
USER	Users	END	1706700534329
USER	Users	END	1706700535246
REQUEST		Page 3	1706700535111	1706700535292	OK	 
USER	Users	END	1706700536294
